Arguments: 
  C:\Program Files\nodejs\node.exe C:\Users\jkpark\AppData\Roaming\npm\node_modules\yarn\bin\yarn.js add @mantine/hooks @mantine/core swr @primer/octions-react

PATH: 
  C:\Program Files\Go\bin;C:\Users\jkpark\go\bin;C:\Program Files\NVIDIA GPU Computing Toolkit\CUDA\v11.6\bin;C:\Program Files\NVIDIA GPU Computing Toolkit\CUDA\v11.6\libnvvp;C:\Python36\Scripts\;C:\Python36\;C:\Program Files (x86)\Intel\iCLS Client\;C:\Program Files\Intel\iCLS Client\;C:\Windows\system32;C:\Windows;C:\Windows\System32\Wbem;C:\Windows\System32\WindowsPowerShell\v1.0\;C:\Program Files\Intel\Intel(R) Management Engine Components\DAL;C:\Program Files\Intel\Intel(R) Management Engine Components\IPT;C:\Program Files (x86)\Intel\Intel(R) Management Engine Components\DAL;C:\Program Files (x86)\Intel\Intel(R) Management Engine Components\IPT;C:\WINDOWS\system32;C:\WINDOWS;C:\WINDOWS\System32\Wbem;C:\WINDOWS\System32\WindowsPowerShell\v1.0\;C:\cuda\bin;C:\Program Files\NVIDIA GPU Computing Toolkit\CUDA\v8.0\extras\CUPTI\libx64;C:\WINDOWS\System32\OpenSSH\;C:\Program Files\dotnet\;C:\Program Files (x86)\Brackets\command;C:\Program Files\Microsoft SQL Server\130\Tools\Binn\;C:\Program Files\NVIDIA Corporation\NVIDIA NvDLISR;C:\CMake\bin;D:\Apps\ffmpeg\bin;C:\WINDOWS\system32;C:\WINDOWS;C:\WINDOWS\System32\Wbem;C:\WINDOWS\System32\WindowsPowerShell\v1.0\;C:\WINDOWS\System32\OpenSSH\;C:\Program Files (x86)\Common Files\Acronis\VirtualFile\;C:\Program Files (x86)\Common Files\Acronis\VirtualFile64\;C:\Program Files (x86)\Common Files\Acronis\SnapAPI\;C:\MyApp\swigwin-4.0.1;D:\flutter\bin;C:\ProgramData\chocolatey\bin;C:\Tesseract-OCR;C:\gs\gs9.52\bin;C:\Program Files\PuTTY\;C:\Apps\poppler-0.68.0\bin;C:\Program Files\TortoiseSVN\bin;C:\Program Files\Git\cmd;C:\Program Files (x86)\dotnet\;E:\java\bin;C:\TDM-GCC-64\bin;C:\Program Files\Go\bin;C:\Program Files\NVIDIA Corporation\Nsight Compute 2022.1.1\;C:\Program Files (x86)\NVIDIA Corporation\PhysX\Common;C:\Program Files\nodejs\;C:\Python\Python27;C:\Program Files\Bandizip\7z;C:\Users\jkpark\AppData\Local\Microsoft\WindowsApps;C:\Program Files\JetBrains\PyCharm 2019.2.3\bin;;C:\Program Files\JetBrains\PyCharm Community Edition 2019.2.3\bin;;C:\Apps\Microsoft VS Code\bin;C:\Users\jkpark\AppData\Local\Android\Sdk\platform-tools;C:\Users\jkpark\.dotnet\tools;C:\Users\jkpark\go\bin;C:\Users\jkpark\AppData\Roaming\npm;C:\Program Files (x86)\ESTsoft\ALSee\x64

Yarn version: 
  1.22.11

Node version: 
  18.12.0

Platform: 
  win32 x64

Trace: 
  Error: https://registry.yarnpkg.com/@primer%2foctions-react: Not found
      at params.callback [as _callback] (C:\Users\jkpark\AppData\Roaming\npm\node_modules\yarn\lib\cli.js:66992:18)
      at self.callback (C:\Users\jkpark\AppData\Roaming\npm\node_modules\yarn\lib\cli.js:140763:22)
      at Request.emit (node:events:513:28)
      at Request.<anonymous> (C:\Users\jkpark\AppData\Roaming\npm\node_modules\yarn\lib\cli.js:141735:10)
      at Request.emit (node:events:513:28)
      at IncomingMessage.<anonymous> (C:\Users\jkpark\AppData\Roaming\npm\node_modules\yarn\lib\cli.js:141657:12)
      at Object.onceWrapper (node:events:627:28)
      at IncomingMessage.emit (node:events:525:35)
      at endReadableNT (node:internal/streams/readable:1359:12)
      at process.processTicksAndRejections (node:internal/process/task_queues:82:21)

npm manifest: 
  No manifest

yarn manifest: 
  No manifest

Lockfile: 
  No lockfile
